build/outputs/logs/manifest-merger-debug-report.txt
-- Merging decision tree log ---
manifest
ADDED from COGNET_CODE-master\COGNET_APP\AndroidManifest.xml:2:1-167:12
	package
		ADDED from COGNET_CODE-master\COGNET_APP\AndroidManifest.xml:3:5-27
	android:versionName
		ADDED from COGNET_CODE-master\COGNET_APP\AndroidManifest.xml:5:5-32
	android:versionCode
		ADDED from COGNET_CODE-master\COGNET_APP\AndroidManifest.xml:4:5-28
		INJECTED from COGNET_CODE-master\COGNET_APP\AndroidManifest.xml
		INJECTED from COGNET_CODE-master\COGNET_APP\AndroidManifest.xml
	xmlns:android
		ADDED from COGNET_CODE-master\COGNET_APP\AndroidManifest.xml:2:11-69
uses-sdk
ADDED from COGNET_CODE-master\COGNET_APP\AndroidManifest.xml:7:5-9:41
	android:targetSdkVersion
		ADDED from COGNET_CODE-master\COGNET_APP\AndroidManifest.xml:9:9-38
	android:minSdkVersion
		ADDED from COGNET_CODE-master\COGNET_APP\AndroidManifest.xml:8:9-35
uses-permission#android.permission.INTERNET
ADDED from COGNET_CODE-master\COGNET_APP\AndroidManifest.xml:11:5-67
	android:name
		ADDED from COGNET_CODE-master\COGNET_APP\AndroidManifest.xml:11:22-64
uses-permission#android.permission.ACCESS_NETWORK_STATE
ADDED from COGNET_CODE-master\COGNET_APP\AndroidManifest.xml:12:5-79
	android:name
		ADDED from COGNET_CODE-master\COGNET_APP\AndroidManifest.xml:12:22-76
uses-permission#android.permission.ACCESS_WIFI_STATE
ADDED from COGNET_CODE-master\COGNET_APP\AndroidManifest.xml:13:5-76
	android:name
		ADDED from COGNET_CODE-master\COGNET_APP\AndroidManifest.xml:13:22-73
uses-permission#android.permission.WRITE_EXTERNAL_STORAGE
ADDED from COGNET_CODE-master\COGNET_APP\AndroidManifest.xml:14:5-81
	android:name
		ADDED from COGNET_CODE-master\COGNET_APP\AndroidManifest.xml:14:22-78
uses-permission#android.permission.CAMERA
ADDED from COGNET_CODE-master\COGNET_APP\AndroidManifest.xml:15:5-65
	android:name
		ADDED from COGNET_CODE-master\COGNET_APP\AndroidManifest.xml:15:22-62
uses-permission#android.permission.CHANGE_WIFI_MULTICAST_STATE
ADDED from COGNET_CODE-master\COGNET_APP\AndroidManifest.xml:16:5-86
	android:name
		ADDED from COGNET_CODE-master\COGNET_APP\AndroidManifest.xml:16:22-83
uses-permission#android.permission.WAKE_LOCK
ADDED from COGNET_CODE-master\COGNET_APP\AndroidManifest.xml:17:5-68
	android:name
		ADDED from COGNET_CODE-master\COGNET_APP\AndroidManifest.xml:17:22-65
uses-feature#android.hardware.sensor
ADDED from COGNET_CODE-master\COGNET_APP\AndroidManifest.xml:19:5-60
	android:name
		ADDED from COGNET_CODE-master\COGNET_APP\AndroidManifest.xml:19:19-57
application
ADDED from COGNET_CODE-master\COGNET_APP\AndroidManifest.xml:21:5-165:23
	android:label
		ADDED from COGNET_CODE-master\COGNET_APP\AndroidManifest.xml:25:9-41
	android:hardwareAccelerated
		ADDED from COGNET_CODE-master\COGNET_APP\AndroidManifest.xml:27:9-44
	android:debuggable
		ADDED from COGNET_CODE-master\COGNET_APP\AndroidManifest.xml:23:9-34
	android:allowBackup
		ADDED from COGNET_CODE-master\COGNET_APP\AndroidManifest.xml:22:9-35
	android:icon
		ADDED from COGNET_CODE-master\COGNET_APP\AndroidManifest.xml:24:9-45
	android:theme
		ADDED from COGNET_CODE-master\COGNET_APP\AndroidManifest.xml:26:9-40
activity#it.durip_app.MainActivity
ADDED from COGNET_CODE-master\COGNET_APP\AndroidManifest.xml:29:9-39:20
	android:label
		ADDED from COGNET_CODE-master\COGNET_APP\AndroidManifest.xml:32:13-45
	android:configChanges
		ADDED from COGNET_CODE-master\COGNET_APP\AndroidManifest.xml:31:13-63
	android:name
		ADDED from COGNET_CODE-master\COGNET_APP\AndroidManifest.xml:30:13-53
intent-filter#android.intent.action.MAIN+android.intent.category.LAUNCHER
ADDED from COGNET_CODE-master\COGNET_APP\AndroidManifest.xml:34:13-38:29
action#android.intent.action.MAIN
ADDED from COGNET_CODE-master\COGNET_APP\AndroidManifest.xml:35:17-69
	android:name
		ADDED from COGNET_CODE-master\COGNET_APP\AndroidManifest.xml:35:25-66
category#android.intent.category.LAUNCHER
ADDED from COGNET_CODE-master\COGNET_APP\AndroidManifest.xml:37:17-77
	android:name
		ADDED from COGNET_CODE-master\COGNET_APP\AndroidManifest.xml:37:27-74
activity#it.durip_app.GraphActivity
ADDED from COGNET_CODE-master\COGNET_APP\AndroidManifest.xml:42:9-50:20
	android:label
		ADDED from COGNET_CODE-master\COGNET_APP\AndroidManifest.xml:44:13-57
	android:parentActivityName
		ADDED from COGNET_CODE-master\COGNET_APP\AndroidManifest.xml:45:13-67
	android:name
		ADDED from COGNET_CODE-master\COGNET_APP\AndroidManifest.xml:43:13-54
meta-data#android.support.PARENT_ACTIVITY
ADDED from COGNET_CODE-master\COGNET_APP\AndroidManifest.xml:47:13-49:61
	android:value
		ADDED from COGNET_CODE-master\COGNET_APP\AndroidManifest.xml:49:17-58
	android:name
		ADDED from COGNET_CODE-master\COGNET_APP\AndroidManifest.xml:48:17-63
activity#it.durip_app.DataFlow
ADDED from COGNET_CODE-master\COGNET_APP\AndroidManifest.xml:51:9-59:20
	android:label
		ADDED from COGNET_CODE-master\COGNET_APP\AndroidManifest.xml:53:13-61
	android:parentActivityName
		ADDED from COGNET_CODE-master\COGNET_APP\AndroidManifest.xml:54:13-67
	android:name
		ADDED from COGNET_CODE-master\COGNET_APP\AndroidManifest.xml:52:13-49
activity#it.durip_app.SensorPlot
ADDED from COGNET_CODE-master\COGNET_APP\AndroidManifest.xml:60:9-68:20
	android:screenOrientation
		ADDED from COGNET_CODE-master\COGNET_APP\AndroidManifest.xml:64:13-50
	android:label
		ADDED from COGNET_CODE-master\COGNET_APP\AndroidManifest.xml:62:13-63
	android:parentActivityName
		ADDED from COGNET_CODE-master\COGNET_APP\AndroidManifest.xml:63:13-67
	android:name
		ADDED from COGNET_CODE-master\COGNET_APP\AndroidManifest.xml:61:13-51
activity#it.durip_app.MACActivity
ADDED from COGNET_CODE-master\COGNET_APP\AndroidManifest.xml:69:9-76:20
	android:label
		ADDED from COGNET_CODE-master\COGNET_APP\AndroidManifest.xml:71:13-55
	android:parentActivityName
		ADDED from COGNET_CODE-master\COGNET_APP\AndroidManifest.xml:72:13-67
	android:name
		ADDED from COGNET_CODE-master\COGNET_APP\AndroidManifest.xml:70:13-52
activity#it.durip_app.TCPActivity
ADDED from COGNET_CODE-master\COGNET_APP\AndroidManifest.xml:77:9-84:20
	android:label
		ADDED from COGNET_CODE-master\COGNET_APP\AndroidManifest.xml:79:13-55
	android:parentActivityName
		ADDED from COGNET_CODE-master\COGNET_APP\AndroidManifest.xml:80:13-67
	android:name
		ADDED from COGNET_CODE-master\COGNET_APP\AndroidManifest.xml:78:13-52
service#it.durip_app.Iperf
ADDED from COGNET_CODE-master\COGNET_APP\AndroidManifest.xml:86:9-90:19
	android:enabled
		ADDED from COGNET_CODE-master\COGNET_APP\AndroidManifest.xml:88:13-35
	android:exported
		ADDED from COGNET_CODE-master\COGNET_APP\AndroidManifest.xml:89:13-36
	android:name
		ADDED from COGNET_CODE-master\COGNET_APP\AndroidManifest.xml:87:13-46
service#it.durip_app.Olsr
ADDED from COGNET_CODE-master\COGNET_APP\AndroidManifest.xml:91:9-95:19
	android:enabled
		ADDED from COGNET_CODE-master\COGNET_APP\AndroidManifest.xml:93:13-35
	android:exported
		ADDED from COGNET_CODE-master\COGNET_APP\AndroidManifest.xml:94:13-36
	android:name
		ADDED from COGNET_CODE-master\COGNET_APP\AndroidManifest.xml:92:13-45
service#it.durip_app.olsrdLog
ADDED from COGNET_CODE-master\COGNET_APP\AndroidManifest.xml:96:9-100:19
	android:enabled
		ADDED from COGNET_CODE-master\COGNET_APP\AndroidManifest.xml:98:13-35
	android:exported
		ADDED from COGNET_CODE-master\COGNET_APP\AndroidManifest.xml:99:13-36
	android:name
		ADDED from COGNET_CODE-master\COGNET_APP\AndroidManifest.xml:97:13-49
service#it.durip_app.Sensors
ADDED from COGNET_CODE-master\COGNET_APP\AndroidManifest.xml:101:9-105:19
	android:enabled
		ADDED from COGNET_CODE-master\COGNET_APP\AndroidManifest.xml:103:13-35
	android:exported
		ADDED from COGNET_CODE-master\COGNET_APP\AndroidManifest.xml:104:13-36
	android:name
		ADDED from COGNET_CODE-master\COGNET_APP\AndroidManifest.xml:102:13-48
service#it.durip_app.IperfServer
ADDED from COGNET_CODE-master\COGNET_APP\AndroidManifest.xml:106:9-110:19
	android:enabled
		ADDED from COGNET_CODE-master\COGNET_APP\AndroidManifest.xml:108:13-35
	android:exported
		ADDED from COGNET_CODE-master\COGNET_APP\AndroidManifest.xml:109:13-36
	android:name
		ADDED from COGNET_CODE-master\COGNET_APP\AndroidManifest.xml:107:13-52
service#it.durip_app.ServerSocketCmd
ADDED from COGNET_CODE-master\COGNET_APP\AndroidManifest.xml:111:9-115:19
	android:enabled
		ADDED from COGNET_CODE-master\COGNET_APP\AndroidManifest.xml:113:13-35
	android:exported
		ADDED from COGNET_CODE-master\COGNET_APP\AndroidManifest.xml:114:13-36
	android:name
		ADDED from COGNET_CODE-master\COGNET_APP\AndroidManifest.xml:112:13-56
activity#it.durip_app.DeviceSwitch
ADDED from COGNET_CODE-master\COGNET_APP\AndroidManifest.xml:117:9-126:20
	android:label
		ADDED from COGNET_CODE-master\COGNET_APP\AndroidManifest.xml:120:13-65
	android:parentActivityName
		ADDED from COGNET_CODE-master\COGNET_APP\AndroidManifest.xml:121:13-67
	android:configChanges
		ADDED from COGNET_CODE-master\COGNET_APP\AndroidManifest.xml:119:13-74
	android:theme
		ADDED from COGNET_CODE-master\COGNET_APP\AndroidManifest.xml:122:13-51
	android:name
		ADDED from COGNET_CODE-master\COGNET_APP\AndroidManifest.xml:118:13-53
activity#it.durip_app.OlsrdSettings
ADDED from COGNET_CODE-master\COGNET_APP\AndroidManifest.xml:127:9-134:20
	android:label
		ADDED from COGNET_CODE-master\COGNET_APP\AndroidManifest.xml:129:13-66
	android:parentActivityName
		ADDED from COGNET_CODE-master\COGNET_APP\AndroidManifest.xml:130:13-67
	android:name
		ADDED from COGNET_CODE-master\COGNET_APP\AndroidManifest.xml:128:13-54
service#it.durip_app.OlsrTelnet
ADDED from COGNET_CODE-master\COGNET_APP\AndroidManifest.xml:136:9-140:19
	android:enabled
		ADDED from COGNET_CODE-master\COGNET_APP\AndroidManifest.xml:138:13-35
	android:exported
		ADDED from COGNET_CODE-master\COGNET_APP\AndroidManifest.xml:139:13-36
	android:name
		ADDED from COGNET_CODE-master\COGNET_APP\AndroidManifest.xml:137:13-51
activity#it.durip_app.ExperimentMasterActivity
ADDED from COGNET_CODE-master\COGNET_APP\AndroidManifest.xml:142:9-151:20
	android:label
		ADDED from COGNET_CODE-master\COGNET_APP\AndroidManifest.xml:145:13-69
	android:parentActivityName
		ADDED from COGNET_CODE-master\COGNET_APP\AndroidManifest.xml:146:13-67
	android:configChanges
		ADDED from COGNET_CODE-master\COGNET_APP\AndroidManifest.xml:144:13-74
	android:theme
		ADDED from COGNET_CODE-master\COGNET_APP\AndroidManifest.xml:147:13-51
	android:name
		ADDED from COGNET_CODE-master\COGNET_APP\AndroidManifest.xml:143:13-65
activity#it.durip_app.SensorCharts
ADDED from COGNET_CODE-master\COGNET_APP\AndroidManifest.xml:152:9-157:20
	android:screenOrientation
		ADDED from COGNET_CODE-master\COGNET_APP\AndroidManifest.xml:155:13-50
	android:label
		ADDED from COGNET_CODE-master\COGNET_APP\AndroidManifest.xml:154:13-65
	android:name
		ADDED from COGNET_CODE-master\COGNET_APP\AndroidManifest.xml:153:13-53
activity#it.durip_app.BatteryCharts
ADDED from COGNET_CODE-master\COGNET_APP\AndroidManifest.xml:159:9-163:20
	android:screenOrientation
		ADDED from COGNET_CODE-master\COGNET_APP\AndroidManifest.xml:161:17-54
	android:label
		ADDED from COGNET_CODE-master\COGNET_APP\AndroidManifest.xml:160:14-67
	android:name
		ADDED from COGNET_CODE-master\COGNET_APP\AndroidManifest.xml:159:19-60